Using pre-set license
Built from '2021.1/staging' branch; Version is '2021.1.15f1 (e767a7370072) revision 15165351'; Using compiler version '192528614'; Build Type 'Release'
OS: 'Windows 10 Home Single Language; OS build 22000.856; Version 2009; 64bit' Language: 'en' Physical Memory: 15789 MB
BatchMode: 1, IsHumanControllingUs: 0, StartBugReporterOnCrash: 0, Is64bit: 1, IsPro: 0

 COMMAND LINE ARGUMENTS:
C:\Program Files\Unity\Hub\Editor\2021.1.15f1\Editor\Unity.exe
-adb2
-batchMode
-noUpm
-name
AssetImportWorker0
-projectPath
C:/Users/Narai/Documents/GitHub/Sizzle/Sizzle URP
-logFile
Logs/AssetImportWorker0.log
-srvPort
58422
Successfully changed project path to: C:/Users/Narai/Documents/GitHub/Sizzle/Sizzle URP
C:/Users/Narai/Documents/GitHub/Sizzle/Sizzle URP
Using Asset Import Pipeline V2.
Refreshing native plugins compatible for Editor in 284.61 ms, found 3 plugins.
Preloading 0 native plugins for Editor in 0.00 ms.
Initialize engine version: 2021.1.15f1 (e767a7370072)
[Subsystems] Discovering subsystems at path C:/Program Files/Unity/Hub/Editor/2021.1.15f1/Editor/Data/Resources/UnitySubsystems
[Subsystems] Discovering subsystems at path C:/Users/Narai/Documents/GitHub/Sizzle/Sizzle URP/Assets
GfxDevice: creating device client; threaded=0; jobified=0
Direct3D:
    Version:  Direct3D 11.0 [level 11.1]
    Renderer: NVIDIA GeForce RTX 2060 with Max-Q Design (ID=0x1f12)
    Vendor:   NVIDIA
    VRAM:     5980 MB
    Driver:   30.0.15.1278
Initialize mono
Mono path[0] = 'C:/Program Files/Unity/Hub/Editor/2021.1.15f1/Editor/Data/Managed'
Mono path[1] = 'C:/Program Files/Unity/Hub/Editor/2021.1.15f1/Editor/Data/MonoBleedingEdge/lib/mono/unityjit'
Mono config path = 'C:/Program Files/Unity/Hub/Editor/2021.1.15f1/Editor/Data/MonoBleedingEdge/etc'
Using monoOptions --debugger-agent=transport=dt_socket,embedding=1,server=y,suspend=n,address=127.0.0.1:56360
Begin MonoManager ReloadAssembly
Registering precompiled unity dll's ...
Register platform support module: C:/Program Files/Unity/Hub/Editor/2021.1.15f1/Editor/Data/PlaybackEngines/WebGLSupport/UnityEditor.WebGL.Extensions.dll
Register platform support module: C:/Program Files/Unity/Hub/Editor/2021.1.15f1/Editor/Data/PlaybackEngines/MacStandaloneSupport/UnityEditor.OSXStandalone.Extensions.dll
Register platform support module: C:/Program Files/Unity/Hub/Editor/2021.1.15f1/Editor/Data/PlaybackEngines/WindowsStandaloneSupport/UnityEditor.WindowsStandalone.Extensions.dll
Registered in 0.002619 seconds.
Native extension for WindowsStandalone target not found
Native extension for OSXStandalone target not found
Native extension for WebGL target not found
Refreshing native plugins compatible for Editor in 343.11 ms, found 3 plugins.
Preloading 0 native plugins for Editor in 0.00 ms.
Mono: successfully reloaded assembly
- Completed reload, in  3.493 seconds
Domain Reload Profiling:
	ReloadAssembly (3493ms)
		BeginReloadAssembly (285ms)
			ExecutionOrderSort (0ms)
			DisableScriptedObjects (0ms)
			BackupInstance (0ms)
			ReleaseScriptingObjects (0ms)
			CreateAndSetChildDomain (1ms)
		EndReloadAssembly (932ms)
			LoadAssemblies (282ms)
			RebuildTransferFunctionScriptingTraits (0ms)
			SetupTypeCache (354ms)
			ReleaseScriptCaches (0ms)
			RebuildScriptCaches (34ms)
			SetupLoadedEditorAssemblies (493ms)
				LogAssemblyErrors (0ms)
				InitializePlatformSupportModulesInManaged (8ms)
				SetLoadedEditorAssemblies (0ms)
				RefreshPlugins (343ms)
				BeforeProcessingInitializeOnLoad (1ms)
				ProcessInitializeOnLoadAttributes (105ms)
				ProcessInitializeOnLoadMethodAttributes (36ms)
				AfterProcessingInitializeOnLoad (0ms)
				EditorAssembliesLoaded (0ms)
			ExecutionOrderSort2 (0ms)
			AwakeInstancesAfterBackupRestoration (0ms)
Platform modules already initialized, skipping
Registering precompiled user dll's ...
Registered in 0.006417 seconds.
Begin MonoManager ReloadAssembly
Symbol file LoadedFromMemory doesn't match image C:\Users\Narai\Documents\GitHub\Sizzle\Sizzle URP\Library\PackageCache\com.unity.visualscripting@1.6.1\Editor\VisualScripting.Core\Dependencies\YamlDotNet\Unity.VisualScripting.YamlDotNet.dll
Symbol file LoadedFromMemory doesn't match image C:\Users\Narai\Documents\GitHub\Sizzle\Sizzle URP\Library\PackageCache\com.unity.visualscripting@1.6.1\Editor\VisualScripting.Core\Dependencies\DotNetZip\Unity.VisualScripting.IonicZip.dll
Native extension for WindowsStandalone target not found
Native extension for OSXStandalone target not found
Native extension for WebGL target not found
Refreshing native plugins compatible for Editor in 100.00 ms, found 3 plugins.
Preloading 0 native plugins for Editor in 0.00 ms.
Mono: successfully reloaded assembly
- Completed reload, in  1.332 seconds
Domain Reload Profiling:
	ReloadAssembly (1332ms)
		BeginReloadAssembly (150ms)
			ExecutionOrderSort (0ms)
			DisableScriptedObjects (5ms)
			BackupInstance (0ms)
			ReleaseScriptingObjects (0ms)
			CreateAndSetChildDomain (21ms)
		EndReloadAssembly (1119ms)
			LoadAssemblies (98ms)
			RebuildTransferFunctionScriptingTraits (0ms)
			SetupTypeCache (406ms)
			ReleaseScriptCaches (1ms)
			RebuildScriptCaches (64ms)
			SetupLoadedEditorAssemblies (443ms)
				LogAssemblyErrors (0ms)
				InitializePlatformSupportModulesInManaged (5ms)
				SetLoadedEditorAssemblies (0ms)
				RefreshPlugins (100ms)
				BeforeProcessingInitializeOnLoad (81ms)
				ProcessInitializeOnLoadAttributes (247ms)
				ProcessInitializeOnLoadMethodAttributes (5ms)
				AfterProcessingInitializeOnLoad (5ms)
				EditorAssembliesLoaded (0ms)
			ExecutionOrderSort2 (0ms)
			AwakeInstancesAfterBackupRestoration (6ms)
Platform modules already initialized, skipping
========================================================================
Worker process is ready to serve import requests
Launched and connected shader compiler UnityShaderCompiler.exe after 0.05 seconds
Refreshing native plugins compatible for Editor in 0.95 ms, found 3 plugins.
Preloading 0 native plugins for Editor in 0.00 ms.
Unloading 4267 Unused Serialized files (Serialized files now loaded: 0)
System memory in use before: 166.3 MB.
System memory in use after: 163.5 MB.

Unloading 55 unused Assets to reduce memory usage. Loaded Objects now: 4681.
Total: 5.122400 ms (FindLiveObjects: 0.440200 ms CreateObjectMapping: 0.256000 ms MarkObjects: 3.287300 ms  DeleteObjects: 1.137000 ms)

AssetImportParameters requested are different than current active one (requested -> active):
  custom:framework-win-MediaFoundation: 216162199b28c13a410421893ffa2e32 -> 
  custom:video-decoder-ogg-theora: a1e56fd34408186e4bbccfd4996cb3dc -> 
  custom:container-muxer-webm: aa71ff27fc2769a1b78a27578f13a17b -> 
  custom:container-demuxer-webm: 4f35f7cbe854078d1ac9338744f61a02 -> 
  custom:container-demuxer-ogg: 62fdf1f143b41e24485cea50d1cbac27 -> 
  custom:video-encoder-webm-vp8: eb34c28f22e8b96e1ab97ce403110664 -> 
  custom:video-codec-MediaFoundation-h265: 746d11721c4dcdbdad8f713fa42b33f4 -> 
  custom:video-decoder-webm-vp8: 9c59270c3fd7afecdb556c50c9e8de78 -> 
  custom:audio-decoder-ogg-vorbis: bf7c407c2cedff20999df2af8eb42d56 -> 
  custom:audio-encoder-webm-vorbis: bf7c407c2cedff20999df2af8eb42d56 -> 
========================================================================
Received Import Request.
  path: Assets/ToonTest.mat
  artifactKey: Guid(a6371e856dc96f540b80155d04755d5f) Importer(815301076,1909f56bfc062723c751e8b465ee728b)
Start importing Assets/ToonTest.mat using Guid(a6371e856dc96f540b80155d04755d5f) Importer(815301076,1909f56bfc062723c751e8b465ee728b)  -> (artifact id: 'ecffd39a95b8ff684a3380b87ddcf407') in 0.272655 seconds 
========================================================================
Received Import Request.
  Time since last request: 0.000497 seconds.
  path: Assets/GetMainLight.shadersubgraph
  artifactKey: Guid(1f1afa1fde7f7c14381cb0c99b2c9102) Importer(815301076,1909f56bfc062723c751e8b465ee728b)
Start importing Assets/GetMainLight.shadersubgraph using Guid(1f1afa1fde7f7c14381cb0c99b2c9102) Importer(815301076,1909f56bfc062723c751e8b465ee728b)  -> (artifact id: '4535b6e8262adfdd7049f3c791e24555') in 0.012282 seconds 
========================================================================
Received Import Request.
  Time since last request: 0.000302 seconds.
  path: Assets/BodyBlock1_Clear.png
  artifactKey: Guid(beaff2f40957cf24e9173c8c90db6fe6) Importer(815301076,1909f56bfc062723c751e8b465ee728b)
Start importing Assets/BodyBlock1_Clear.png using Guid(beaff2f40957cf24e9173c8c90db6fe6) Importer(815301076,1909f56bfc062723c751e8b465ee728b)  -> (artifact id: '9db0c79637db8c28e7eb2439429bfb9d') in 0.081919 seconds 
========================================================================
Received Import Request.
  Time since last request: 0.000331 seconds.
  path: Assets/CalcAdditionalDiffuse.shadersubgraph
  artifactKey: Guid(2ff1fe0ebaeb0f14586c1887641660cf) Importer(815301076,1909f56bfc062723c751e8b465ee728b)
Start importing Assets/CalcAdditionalDiffuse.shadersubgraph using Guid(2ff1fe0ebaeb0f14586c1887641660cf) Importer(815301076,1909f56bfc062723c751e8b465ee728b)  -> (artifact id: '3504350fe79b264a2eef6450d1b84cc9') in 0.006751 seconds 
========================================================================
Received Import Request.
  Time since last request: 0.000293 seconds.
  path: Assets/CalcAdditionalSpecular.shadersubgraph
  artifactKey: Guid(89d78d74aa36f9744a017aeec3d47b75) Importer(815301076,1909f56bfc062723c751e8b465ee728b)
Start importing Assets/CalcAdditionalSpecular.shadersubgraph using Guid(89d78d74aa36f9744a017aeec3d47b75) Importer(815301076,1909f56bfc062723c751e8b465ee728b)  -> (artifact id: '19eeb9290b9635aa26388baa9c3f72c3') in 0.007020 seconds 
========================================================================
Received Import Request.
  Time since last request: 0.000366 seconds.
  path: Assets/sizzleRig_V3B.fbx
  artifactKey: Guid(164776aeea3e67d4ca53b9deef95a61a) Importer(815301076,1909f56bfc062723c751e8b465ee728b)
Start importing Assets/sizzleRig_V3B.fbx using Guid(164776aeea3e67d4ca53b9deef95a61a) Importer(815301076,1909f56bfc062723c751e8b465ee728b)  -> (artifact id: '985c0888562ea6adcc38e88251c9b3fb') in 0.363670 seconds 
========================================================================
Received Import Request.
  Time since last request: 0.000295 seconds.
  path: Assets/GetAdditionalLight.shadersubgraph
  artifactKey: Guid(f90b1c8b14d4eb54f98b06c9aa65802c) Importer(815301076,1909f56bfc062723c751e8b465ee728b)
Start importing Assets/GetAdditionalLight.shadersubgraph using Guid(f90b1c8b14d4eb54f98b06c9aa65802c) Importer(815301076,1909f56bfc062723c751e8b465ee728b)  -> (artifact id: 'dd0103c090c3d990d43de24fc2f922ee') in 0.009569 seconds 
========================================================================
Received Import Request.
  Time since last request: 0.000349 seconds.
  path: Assets/Floor.mat
  artifactKey: Guid(eaf6b332c961121479164e74f1447b9c) Importer(815301076,1909f56bfc062723c751e8b465ee728b)
Start importing Assets/Floor.mat using Guid(eaf6b332c961121479164e74f1447b9c) Importer(815301076,1909f56bfc062723c751e8b465ee728b)  -> (artifact id: '22908be784f3445705c51ecb9bd67163') in 0.014631 seconds 
========================================================================
Received Import Request.
  Time since last request: 0.000261 seconds.
  path: Assets/Readme.asset
  artifactKey: Guid(83c2ed844a8c74b779a4c823d16594b1) Importer(815301076,1909f56bfc062723c751e8b465ee728b)
Start importing Assets/Readme.asset using Guid(83c2ed844a8c74b779a4c823d16594b1) Importer(815301076,1909f56bfc062723c751e8b465ee728b)  -> (artifact id: '8ffd2c44ffeb50c574abb5d0c4453328') in 0.008693 seconds 
========================================================================
Received Import Request.
  Time since last request: 38.307326 seconds.
  path: Assets/Settings
  artifactKey: Guid(0735c275001a2c84dafdb30deced5d8d) Importer(815301076,1909f56bfc062723c751e8b465ee728b)
Start importing Assets/Settings using Guid(0735c275001a2c84dafdb30deced5d8d) Importer(815301076,1909f56bfc062723c751e8b465ee728b)  -> (artifact id: 'cadd7ca10b5bf32e886eec457cf073a7') in 0.005665 seconds 
========================================================================
Received Import Request.
  Time since last request: 0.197514 seconds.
  path: Assets/Settings/ForwardRenderer.asset
  artifactKey: Guid(4a8e21d5c33334b11b34a596161b9360) Importer(815301076,1909f56bfc062723c751e8b465ee728b)
Start importing Assets/Settings/ForwardRenderer.asset using Guid(4a8e21d5c33334b11b34a596161b9360) Importer(815301076,1909f56bfc062723c751e8b465ee728b)  -> (artifact id: '63cf95242464b0f1307a08bc2392aaaa') in 0.007141 seconds 
========================================================================
Received Import Request.
  Time since last request: 0.000357 seconds.
  path: Assets/Settings/SampleSceneProfile.asset
  artifactKey: Guid(10fc4df2da32a41aaa32d77bc913491c) Importer(815301076,1909f56bfc062723c751e8b465ee728b)
Start importing Assets/Settings/SampleSceneProfile.asset using Guid(10fc4df2da32a41aaa32d77bc913491c) Importer(815301076,1909f56bfc062723c751e8b465ee728b)  -> (artifact id: 'd2b3f476ab718b1cf20d183dd9addfe7') in 0.009973 seconds 
========================================================================
Received Import Request.
  Time since last request: 0.000312 seconds.
  path: Assets/Settings/UniversalRP-LowQuality.asset
  artifactKey: Guid(a31e9f9f9c9d4b9429ed0d1234e22103) Importer(815301076,1909f56bfc062723c751e8b465ee728b)
Start importing Assets/Settings/UniversalRP-LowQuality.asset using Guid(a31e9f9f9c9d4b9429ed0d1234e22103) Importer(815301076,1909f56bfc062723c751e8b465ee728b)  -> (artifact id: '8f217daced7cf205cce2318be0db18b7') in 0.007740 seconds 
========================================================================
Received Import Request.
  Time since last request: 0.000312 seconds.
  path: Assets/Settings/UniversalRP-MediumQuality.asset
  artifactKey: Guid(d847b876476d3d6468f5dfcd34266f96) Importer(815301076,1909f56bfc062723c751e8b465ee728b)
Start importing Assets/Settings/UniversalRP-MediumQuality.asset using Guid(d847b876476d3d6468f5dfcd34266f96) Importer(815301076,1909f56bfc062723c751e8b465ee728b)  -> (artifact id: '7b2625ab2d51c2fbd8a2effc95c7687f') in 0.006716 seconds 
========================================================================
Received Import Request.
  Time since last request: 0.000246 seconds.
  path: Assets/Settings/UniversalRP-HighQuality.asset
  artifactKey: Guid(19ba41d7c0026c3459d37c2fe90c55a0) Importer(815301076,1909f56bfc062723c751e8b465ee728b)
Start importing Assets/Settings/UniversalRP-HighQuality.asset using Guid(19ba41d7c0026c3459d37c2fe90c55a0) Importer(815301076,1909f56bfc062723c751e8b465ee728b)  -> (artifact id: '4542ac25dcfcea03cda7e5b9c8784cb8') in 0.006979 seconds 
========================================================================
Received Import Request.
  Time since last request: 2760.081189 seconds.
  path: Assets/sizzleRig_V3B.fbx
  artifactKey: Guid(164776aeea3e67d4ca53b9deef95a61a) Importer(815301076,1909f56bfc062723c751e8b465ee728b)
Start importing Assets/sizzleRig_V3B.fbx using Guid(164776aeea3e67d4ca53b9deef95a61a) Importer(815301076,1909f56bfc062723c751e8b465ee728b)  -> (artifact id: '811551b5f10d578a080d3d6ebabc4a25') in 0.290571 seconds 
========================================================================
Received Prepare
Registering precompiled user dll's ...
Registered in 0.117548 seconds.
Begin MonoManager ReloadAssembly
Symbol file LoadedFromMemory doesn't match image C:\Users\Narai\Documents\GitHub\Sizzle\Sizzle URP\Library\PackageCache\com.unity.visualscripting@1.6.1\Editor\VisualScripting.Core\Dependencies\YamlDotNet\Unity.VisualScripting.YamlDotNet.dll
Symbol file LoadedFromMemory doesn't match image C:\Users\Narai\Documents\GitHub\Sizzle\Sizzle URP\Library\PackageCache\com.unity.visualscripting@1.6.1\Editor\VisualScripting.Core\Dependencies\DotNetZip\Unity.VisualScripting.IonicZip.dll
Native extension for WindowsStandalone target not found
Native extension for OSXStandalone target not found
Native extension for WebGL target not found
Refreshing native plugins compatible for Editor in 1.03 ms, found 3 plugins.
Preloading 0 native plugins for Editor in 0.00 ms.
Mono: successfully reloaded assembly
- Completed reload, in  1.773 seconds
Domain Reload Profiling:
	ReloadAssembly (1773ms)
		BeginReloadAssembly (174ms)
			ExecutionOrderSort (0ms)
			DisableScriptedObjects (7ms)
			BackupInstance (0ms)
			ReleaseScriptingObjects (0ms)
			CreateAndSetChildDomain (57ms)
		EndReloadAssembly (1514ms)
			LoadAssemblies (115ms)
			RebuildTransferFunctionScriptingTraits (0ms)
			SetupTypeCache (515ms)
			ReleaseScriptCaches (2ms)
			RebuildScriptCaches (65ms)
			SetupLoadedEditorAssemblies (459ms)
				LogAssemblyErrors (0ms)
				InitializePlatformSupportModulesInManaged (9ms)
				SetLoadedEditorAssemblies (1ms)
				RefreshPlugins (1ms)
				BeforeProcessingInitializeOnLoad (93ms)
				ProcessInitializeOnLoadAttributes (343ms)
				ProcessInitializeOnLoadMethodAttributes (5ms)
				AfterProcessingInitializeOnLoad (7ms)
				EditorAssembliesLoaded (0ms)
			ExecutionOrderSort2 (0ms)
			AwakeInstancesAfterBackupRestoration (24ms)
Platform modules already initialized, skipping
Refreshing native plugins compatible for Editor in 1.01 ms, found 3 plugins.
Preloading 0 native plugins for Editor in 0.00 ms.
Unloading 4372 Unused Serialized files (Serialized files now loaded: 0)
System memory in use before: 189.3 MB.
System memory in use after: 186.6 MB.

Unloading 54 unused Assets to reduce memory usage. Loaded Objects now: 4961.
Total: 5.733900 ms (FindLiveObjects: 0.539500 ms CreateObjectMapping: 0.299300 ms MarkObjects: 3.223800 ms  DeleteObjects: 1.669300 ms)

AssetImportParameters requested are different than current active one (requested -> active):
  custom:framework-win-MediaFoundation: 216162199b28c13a410421893ffa2e32 -> 
  custom:video-decoder-ogg-theora: a1e56fd34408186e4bbccfd4996cb3dc -> 
  custom:container-muxer-webm: aa71ff27fc2769a1b78a27578f13a17b -> 
  custom:container-demuxer-webm: 4f35f7cbe854078d1ac9338744f61a02 -> 
  custom:container-demuxer-ogg: 62fdf1f143b41e24485cea50d1cbac27 -> 
  custom:video-encoder-webm-vp8: eb34c28f22e8b96e1ab97ce403110664 -> 
  custom:video-codec-MediaFoundation-h265: 746d11721c4dcdbdad8f713fa42b33f4 -> 
  custom:video-decoder-webm-vp8: 9c59270c3fd7afecdb556c50c9e8de78 -> 
  custom:audio-decoder-ogg-vorbis: bf7c407c2cedff20999df2af8eb42d56 -> 
  custom:audio-encoder-webm-vorbis: bf7c407c2cedff20999df2af8eb42d56 -> 
========================================================================
Received Import Request.
  Time since last request: 134.325601 seconds.
  path: Assets/sizzle
  artifactKey: Guid(ba6195903c59d1249bf12534b346660a) Importer(815301076,1909f56bfc062723c751e8b465ee728b)
Start importing Assets/sizzle using Guid(ba6195903c59d1249bf12534b346660a) Importer(815301076,1909f56bfc062723c751e8b465ee728b)  -> (artifact id: '73dd9c422485108792825d1a406595df') in 0.019223 seconds 
========================================================================
Received Prepare
Registering precompiled user dll's ...
Registered in 0.007596 seconds.
Begin MonoManager ReloadAssembly
Symbol file LoadedFromMemory doesn't match image C:\Users\Narai\Documents\GitHub\Sizzle\Sizzle URP\Library\PackageCache\com.unity.visualscripting@1.6.1\Editor\VisualScripting.Core\Dependencies\YamlDotNet\Unity.VisualScripting.YamlDotNet.dll
Symbol file LoadedFromMemory doesn't match image C:\Users\Narai\Documents\GitHub\Sizzle\Sizzle URP\Library\PackageCache\com.unity.visualscripting@1.6.1\Editor\VisualScripting.Core\Dependencies\DotNetZip\Unity.VisualScripting.IonicZip.dll
Native extension for WindowsStandalone target not found
Native extension for OSXStandalone target not found
Native extension for WebGL target not found
Refreshing native plugins compatible for Editor in 1.02 ms, found 3 plugins.
Preloading 0 native plugins for Editor in 0.00 ms.
Mono: successfully reloaded assembly
- Completed reload, in  1.630 seconds
Domain Reload Profiling:
	ReloadAssembly (1630ms)
		BeginReloadAssembly (147ms)
			ExecutionOrderSort (0ms)
			DisableScriptedObjects (7ms)
			BackupInstance (0ms)
			ReleaseScriptingObjects (0ms)
			CreateAndSetChildDomain (54ms)
		EndReloadAssembly (1399ms)
			LoadAssemblies (121ms)
			RebuildTransferFunctionScriptingTraits (0ms)
			SetupTypeCache (517ms)
			ReleaseScriptCaches (2ms)
			RebuildScriptCaches (69ms)
			SetupLoadedEditorAssemblies (466ms)
				LogAssemblyErrors (0ms)
				InitializePlatformSupportModulesInManaged (9ms)
				SetLoadedEditorAssemblies (1ms)
				RefreshPlugins (1ms)
				BeforeProcessingInitializeOnLoad (98ms)
				ProcessInitializeOnLoadAttributes (344ms)
				ProcessInitializeOnLoadMethodAttributes (6ms)
				AfterProcessingInitializeOnLoad (7ms)
				EditorAssembliesLoaded (0ms)
			ExecutionOrderSort2 (0ms)
			AwakeInstancesAfterBackupRestoration (25ms)
Platform modules already initialized, skipping
Refreshing native plugins compatible for Editor in 1.08 ms, found 3 plugins.
Preloading 0 native plugins for Editor in 0.00 ms.
Unloading 4343 Unused Serialized files (Serialized files now loaded: 0)
System memory in use before: 188.7 MB.
System memory in use after: 185.9 MB.

Unloading 78 unused Assets to reduce memory usage. Loaded Objects now: 4938.
Total: 6.143000 ms (FindLiveObjects: 0.595400 ms CreateObjectMapping: 0.322600 ms MarkObjects: 3.815400 ms  DeleteObjects: 1.407600 ms)

AssetImportParameters requested are different than current active one (requested -> active):
  custom:framework-win-MediaFoundation: 216162199b28c13a410421893ffa2e32 -> 
  custom:video-decoder-ogg-theora: a1e56fd34408186e4bbccfd4996cb3dc -> 
  custom:container-muxer-webm: aa71ff27fc2769a1b78a27578f13a17b -> 
  custom:container-demuxer-webm: 4f35f7cbe854078d1ac9338744f61a02 -> 
  custom:container-demuxer-ogg: 62fdf1f143b41e24485cea50d1cbac27 -> 
  custom:video-encoder-webm-vp8: eb34c28f22e8b96e1ab97ce403110664 -> 
  custom:video-codec-MediaFoundation-h265: 746d11721c4dcdbdad8f713fa42b33f4 -> 
  custom:video-decoder-webm-vp8: 9c59270c3fd7afecdb556c50c9e8de78 -> 
  custom:audio-decoder-ogg-vorbis: bf7c407c2cedff20999df2af8eb42d56 -> 
  custom:audio-encoder-webm-vorbis: bf7c407c2cedff20999df2af8eb42d56 -> 
========================================================================
Received Prepare
Registering precompiled user dll's ...
Registered in 0.006976 seconds.
Begin MonoManager ReloadAssembly
Symbol file LoadedFromMemory doesn't match image C:\Users\Narai\Documents\GitHub\Sizzle\Sizzle URP\Library\PackageCache\com.unity.visualscripting@1.6.1\Editor\VisualScripting.Core\Dependencies\YamlDotNet\Unity.VisualScripting.YamlDotNet.dll
Symbol file LoadedFromMemory doesn't match image C:\Users\Narai\Documents\GitHub\Sizzle\Sizzle URP\Library\PackageCache\com.unity.visualscripting@1.6.1\Editor\VisualScripting.Core\Dependencies\DotNetZip\Unity.VisualScripting.IonicZip.dll
Native extension for WindowsStandalone target not found
Native extension for OSXStandalone target not found
Native extension for WebGL target not found
Refreshing native plugins compatible for Editor in 0.87 ms, found 3 plugins.
Preloading 0 native plugins for Editor in 0.00 ms.
Mono: successfully reloaded assembly
- Completed reload, in  1.388 seconds
Domain Reload Profiling:
	ReloadAssembly (1389ms)
		BeginReloadAssembly (115ms)
			ExecutionOrderSort (0ms)
			DisableScriptedObjects (5ms)
			BackupInstance (0ms)
			ReleaseScriptingObjects (0ms)
			CreateAndSetChildDomain (41ms)
		EndReloadAssembly (1216ms)
			LoadAssemblies (87ms)
			RebuildTransferFunctionScriptingTraits (0ms)
			SetupTypeCache (382ms)
			ReleaseScriptCaches (2ms)
			RebuildScriptCaches (52ms)
			SetupLoadedEditorAssemblies (559ms)
				LogAssemblyErrors (0ms)
				InitializePlatformSupportModulesInManaged (6ms)
				SetLoadedEditorAssemblies (0ms)
				RefreshPlugins (1ms)
				BeforeProcessingInitializeOnLoad (68ms)
				ProcessInitializeOnLoadAttributes (474ms)
				ProcessInitializeOnLoadMethodAttributes (4ms)
				AfterProcessingInitializeOnLoad (6ms)
				EditorAssembliesLoaded (0ms)
			ExecutionOrderSort2 (0ms)
			AwakeInstancesAfterBackupRestoration (14ms)
Platform modules already initialized, skipping
Refreshing native plugins compatible for Editor in 0.95 ms, found 3 plugins.
Preloading 0 native plugins for Editor in 0.00 ms.
Unloading 4589 Unused Serialized files (Serialized files now loaded: 0)
System memory in use before: 199.9 MB.
System memory in use after: 197.1 MB.

Unloading 59 unused Assets to reduce memory usage. Loaded Objects now: 5180.
Total: 5.344000 ms (FindLiveObjects: 0.475800 ms CreateObjectMapping: 0.380100 ms MarkObjects: 3.324200 ms  DeleteObjects: 1.161700 ms)

AssetImportParameters requested are different than current active one (requested -> active):
  custom:framework-win-MediaFoundation: 216162199b28c13a410421893ffa2e32 -> 
  custom:video-decoder-ogg-theora: a1e56fd34408186e4bbccfd4996cb3dc -> 
  custom:container-muxer-webm: aa71ff27fc2769a1b78a27578f13a17b -> 
  custom:container-demuxer-webm: 4f35f7cbe854078d1ac9338744f61a02 -> 
  custom:container-demuxer-ogg: 62fdf1f143b41e24485cea50d1cbac27 -> 
  custom:video-encoder-webm-vp8: eb34c28f22e8b96e1ab97ce403110664 -> 
  custom:video-codec-MediaFoundation-h265: 746d11721c4dcdbdad8f713fa42b33f4 -> 
  custom:video-decoder-webm-vp8: 9c59270c3fd7afecdb556c50c9e8de78 -> 
  custom:audio-decoder-ogg-vorbis: bf7c407c2cedff20999df2af8eb42d56 -> 
  custom:audio-encoder-webm-vorbis: bf7c407c2cedff20999df2af8eb42d56 -> 
========================================================================
Received Prepare
Registering precompiled user dll's ...
Registered in 0.011009 seconds.
Begin MonoManager ReloadAssembly
Symbol file LoadedFromMemory doesn't match image C:\Users\Narai\Documents\GitHub\Sizzle\Sizzle URP\Library\PackageCache\com.unity.visualscripting@1.6.1\Editor\VisualScripting.Core\Dependencies\YamlDotNet\Unity.VisualScripting.YamlDotNet.dll
Symbol file LoadedFromMemory doesn't match image C:\Users\Narai\Documents\GitHub\Sizzle\Sizzle URP\Library\PackageCache\com.unity.visualscripting@1.6.1\Editor\VisualScripting.Core\Dependencies\DotNetZip\Unity.VisualScripting.IonicZip.dll
Native extension for WindowsStandalone target not found
Native extension for OSXStandalone target not found
Native extension for WebGL target not found
Refreshing native plugins compatible for Editor in 1.10 ms, found 3 plugins.
Preloading 0 native plugins for Editor in 0.00 ms.
Mono: successfully reloaded assembly
- Completed reload, in  1.806 seconds
Domain Reload Profiling:
	ReloadAssembly (1807ms)
		BeginReloadAssembly (158ms)
			ExecutionOrderSort (0ms)
			DisableScriptedObjects (7ms)
			BackupInstance (0ms)
			ReleaseScriptingObjects (0ms)
			CreateAndSetChildDomain (56ms)
		EndReloadAssembly (1564ms)
			LoadAssemblies (123ms)
			RebuildTransferFunctionScriptingTraits (0ms)
			SetupTypeCache (538ms)
			ReleaseScriptCaches (2ms)
			RebuildScriptCaches (71ms)
			SetupLoadedEditorAssemblies (627ms)
				LogAssemblyErrors (0ms)
				InitializePlatformSupportModulesInManaged (8ms)
				SetLoadedEditorAssemblies (1ms)
				RefreshPlugins (1ms)
				BeforeProcessingInitializeOnLoad (97ms)
				ProcessInitializeOnLoadAttributes (507ms)
				ProcessInitializeOnLoadMethodAttributes (5ms)
				AfterProcessingInitializeOnLoad (7ms)
				EditorAssembliesLoaded (0ms)
			ExecutionOrderSort2 (0ms)
			AwakeInstancesAfterBackupRestoration (20ms)
Platform modules already initialized, skipping
Refreshing native plugins compatible for Editor in 0.85 ms, found 3 plugins.
Preloading 0 native plugins for Editor in 0.00 ms.
Unloading 4615 Unused Serialized files (Serialized files now loaded: 0)
System memory in use before: 200.5 MB.
System memory in use after: 197.8 MB.

Unloading 59 unused Assets to reduce memory usage. Loaded Objects now: 5209.
Total: 5.043800 ms (FindLiveObjects: 0.479300 ms CreateObjectMapping: 0.230400 ms MarkObjects: 3.254700 ms  DeleteObjects: 1.077900 ms)

AssetImportParameters requested are different than current active one (requested -> active):
  custom:framework-win-MediaFoundation: 216162199b28c13a410421893ffa2e32 -> 
  custom:video-decoder-ogg-theora: a1e56fd34408186e4bbccfd4996cb3dc -> 
  custom:container-muxer-webm: aa71ff27fc2769a1b78a27578f13a17b -> 
  custom:container-demuxer-webm: 4f35f7cbe854078d1ac9338744f61a02 -> 
  custom:container-demuxer-ogg: 62fdf1f143b41e24485cea50d1cbac27 -> 
  custom:video-encoder-webm-vp8: eb34c28f22e8b96e1ab97ce403110664 -> 
  custom:video-codec-MediaFoundation-h265: 746d11721c4dcdbdad8f713fa42b33f4 -> 
  custom:video-decoder-webm-vp8: 9c59270c3fd7afecdb556c50c9e8de78 -> 
  custom:audio-decoder-ogg-vorbis: bf7c407c2cedff20999df2af8eb42d56 -> 
  custom:audio-encoder-webm-vorbis: bf7c407c2cedff20999df2af8eb42d56 -> 
========================================================================
Received Import Request.
  Time since last request: 153.431862 seconds.
  path: Assets/sizzle/Prefabs
  artifactKey: Guid(10a15c484e378aa408eb2d282a91033e) Importer(815301076,1909f56bfc062723c751e8b465ee728b)
Start importing Assets/sizzle/Prefabs using Guid(10a15c484e378aa408eb2d282a91033e) Importer(815301076,1909f56bfc062723c751e8b465ee728b)  -> (artifact id: '8433a97983b85abd0d1259e65d242371') in 0.017523 seconds 
========================================================================
Received Import Request.
  Time since last request: 0.005887 seconds.
  path: Assets/sizzle/Prefabs/Lantern.prefab
  artifactKey: Guid(abc89a19bdc7192489c81d88364a43ce) Importer(815301076,1909f56bfc062723c751e8b465ee728b)
Start importing Assets/sizzle/Prefabs/Lantern.prefab using Guid(abc89a19bdc7192489c81d88364a43ce) Importer(815301076,1909f56bfc062723c751e8b465ee728b)  -> (artifact id: '02b55b49723e95328ea221f7e37935b5') in 0.799953 seconds 
========================================================================
Received Import Request.
  Time since last request: 0.000443 seconds.
  path: Assets/sizzle/Prefabs/Sizzle.prefab
  artifactKey: Guid(0bea6fe6e1de93443925ffa0428ac264) Importer(815301076,1909f56bfc062723c751e8b465ee728b)
Start importing Assets/sizzle/Prefabs/Sizzle.prefab using Guid(0bea6fe6e1de93443925ffa0428ac264) Importer(815301076,1909f56bfc062723c751e8b465ee728b)  -> (artifact id: '8f96b9ce3cb4ef08274b2705b1e6a67b') in 0.048100 seconds 
========================================================================
Received Import Request.
  Time since last request: 97.549049 seconds.
  path: Assets/sizzle/Models
  artifactKey: Guid(5f56a98f95e78e243b288497fe2c39bd) Importer(815301076,1909f56bfc062723c751e8b465ee728b)
Start importing Assets/sizzle/Models using Guid(5f56a98f95e78e243b288497fe2c39bd) Importer(815301076,1909f56bfc062723c751e8b465ee728b)  -> (artifact id: '6ec767c003de358ef02e913aa6c4a456') in 0.013338 seconds 
========================================================================
Received Import Request.
  Time since last request: 0.822583 seconds.
  path: Assets/sizzle/Art
  artifactKey: Guid(6e1467d9a799cda40b8bb811a4d3cdf9) Importer(815301076,1909f56bfc062723c751e8b465ee728b)
Start importing Assets/sizzle/Art using Guid(6e1467d9a799cda40b8bb811a4d3cdf9) Importer(815301076,1909f56bfc062723c751e8b465ee728b)  -> (artifact id: '9df5f6668c8cf5810bb2675170a394e8') in 0.010307 seconds 
========================================================================
Received Import Request.
  Time since last request: 1.768542 seconds.
  path: Assets/sizzle/Art/Materials
  artifactKey: Guid(c15c8cd07810ac1459ab69fe056f01f3) Importer(815301076,1909f56bfc062723c751e8b465ee728b)
Start importing Assets/sizzle/Art/Materials using Guid(c15c8cd07810ac1459ab69fe056f01f3) Importer(815301076,1909f56bfc062723c751e8b465ee728b)  -> (artifact id: 'c08f59652d2528a39ee5ae99f27356d1') in 0.008327 seconds 
========================================================================
Received Import Request.
  Time since last request: 0.115145 seconds.
  path: Assets/sizzle/Art/Materials/Sizzle_BodyBlock_1.mat
  artifactKey: Guid(462c3674aa349654a9dff954999e97d6) Importer(815301076,1909f56bfc062723c751e8b465ee728b)
Start importing Assets/sizzle/Art/Materials/Sizzle_BodyBlock_1.mat using Guid(462c3674aa349654a9dff954999e97d6) Importer(815301076,1909f56bfc062723c751e8b465ee728b)  -> (artifact id: '71d4ec600a4322148ba7890ac7f02b77') in 0.033076 seconds 
========================================================================
Received Import Request.
  Time since last request: 0.000429 seconds.
  path: Assets/sizzle/Art/Materials/Sizzle_Leg.mat
  artifactKey: Guid(579670dee473d6b46a81b8ee70a16c8f) Importer(815301076,1909f56bfc062723c751e8b465ee728b)
Start importing Assets/sizzle/Art/Materials/Sizzle_Leg.mat using Guid(579670dee473d6b46a81b8ee70a16c8f) Importer(815301076,1909f56bfc062723c751e8b465ee728b)  -> (artifact id: '01c7a720ede20fae600da9d22d85df5b') in 0.021144 seconds 
========================================================================
Received Import Request.
  Time since last request: 0.000351 seconds.
  path: Assets/sizzle/Art/Materials/Sizzle_BottomJaw.mat
  artifactKey: Guid(49334c71a54a31f4a85ff7e66f0e0abd) Importer(815301076,1909f56bfc062723c751e8b465ee728b)
Start importing Assets/sizzle/Art/Materials/Sizzle_BottomJaw.mat using Guid(49334c71a54a31f4a85ff7e66f0e0abd) Importer(815301076,1909f56bfc062723c751e8b465ee728b)  -> (artifact id: 'fc9a06eecc4dbf8e9aa3c23770b9220c') in 0.016913 seconds 
========================================================================
Received Import Request.
  Time since last request: 0.000328 seconds.
  path: Assets/sizzle/Art/Materials/Sizzle_TailEnd.mat
  artifactKey: Guid(d11ee8c6ce1c4894fadf0a297b7eaf88) Importer(815301076,1909f56bfc062723c751e8b465ee728b)
Start importing Assets/sizzle/Art/Materials/Sizzle_TailEnd.mat using Guid(d11ee8c6ce1c4894fadf0a297b7eaf88) Importer(815301076,1909f56bfc062723c751e8b465ee728b)  -> (artifact id: '1461cd91a688b502e9c04f6093b69786') in 0.018025 seconds 
========================================================================
Received Import Request.
  Time since last request: 0.000384 seconds.
  path: Assets/sizzle/Art/Materials/Sizzle_HeadTop.mat
  artifactKey: Guid(88bcbad581cff3649a631359f4eb2f22) Importer(815301076,1909f56bfc062723c751e8b465ee728b)
Start importing Assets/sizzle/Art/Materials/Sizzle_HeadTop.mat using Guid(88bcbad581cff3649a631359f4eb2f22) Importer(815301076,1909f56bfc062723c751e8b465ee728b)  -> (artifact id: 'aead8fd650a201e5ad0d348f4843728d') in 0.017641 seconds 
========================================================================
Received Import Request.
  Time since last request: 0.000410 seconds.
  path: Assets/sizzle/Art/Materials/Sizzle_Foot.mat
  artifactKey: Guid(566495ad373a9734a88f7a1a4fe8a57b) Importer(815301076,1909f56bfc062723c751e8b465ee728b)
Start importing Assets/sizzle/Art/Materials/Sizzle_Foot.mat using Guid(566495ad373a9734a88f7a1a4fe8a57b) Importer(815301076,1909f56bfc062723c751e8b465ee728b)  -> (artifact id: '767691e4a21d77ea795dadd9a6704517') in 0.015992 seconds 
========================================================================
Received Import Request.
  Time since last request: 0.000465 seconds.
  path: Assets/sizzle/Art/Materials/Sizzle_Joint.mat
  artifactKey: Guid(7e87d6820f29d964c873d48f980633c7) Importer(815301076,1909f56bfc062723c751e8b465ee728b)
Start importing Assets/sizzle/Art/Materials/Sizzle_Joint.mat using Guid(7e87d6820f29d964c873d48f980633c7) Importer(815301076,1909f56bfc062723c751e8b465ee728b)  -> (artifact id: '1dbbe545a9feb4ba4965b71cdfdb039e') in 0.016621 seconds 
========================================================================
Received Import Request.
  Time since last request: 0.000342 seconds.
  path: Assets/sizzle/Art/Materials/Sizzle_BodyBlock_2.mat
  artifactKey: Guid(c9f6f5a40a19ef24faee3a9da6a064f1) Importer(815301076,1909f56bfc062723c751e8b465ee728b)
Start importing Assets/sizzle/Art/Materials/Sizzle_BodyBlock_2.mat using Guid(c9f6f5a40a19ef24faee3a9da6a064f1) Importer(815301076,1909f56bfc062723c751e8b465ee728b)  -> (artifact id: '6a3cd2a9e07204cedcfa1fd068bb9647') in 0.016912 seconds 
========================================================================
Received Import Request.
  Time since last request: 49.610648 seconds.
  path: Assets/sizzle/Art/Materials/Sizzle_BodyBlock_1.mat
  artifactKey: Guid(462c3674aa349654a9dff954999e97d6) Importer(815301076,1909f56bfc062723c751e8b465ee728b)
Start importing Assets/sizzle/Art/Materials/Sizzle_BodyBlock_1.mat using Guid(462c3674aa349654a9dff954999e97d6) Importer(815301076,1909f56bfc062723c751e8b465ee728b)  -> (artifact id: '31ab21742c458300bfec2132cbcfe52c') in 0.023944 seconds 
========================================================================
Received Import Request.
  Time since last request: 0.000420 seconds.
  path: Assets/sizzle/Art/Materials/Sizzle_Leg.mat
  artifactKey: Guid(579670dee473d6b46a81b8ee70a16c8f) Importer(815301076,1909f56bfc062723c751e8b465ee728b)
Start importing Assets/sizzle/Art/Materials/Sizzle_Leg.mat using Guid(579670dee473d6b46a81b8ee70a16c8f) Importer(815301076,1909f56bfc062723c751e8b465ee728b)  -> (artifact id: 'c044abba1f8d26aa7beb4d9ce779e360') in 0.013994 seconds 
========================================================================
Received Import Request.
  Time since last request: 0.000417 seconds.
  path: Assets/sizzle/Art/Materials/Sizzle_BottomJaw.mat
  artifactKey: Guid(49334c71a54a31f4a85ff7e66f0e0abd) Importer(815301076,1909f56bfc062723c751e8b465ee728b)
Start importing Assets/sizzle/Art/Materials/Sizzle_BottomJaw.mat using Guid(49334c71a54a31f4a85ff7e66f0e0abd) Importer(815301076,1909f56bfc062723c751e8b465ee728b)  -> (artifact id: '4860aca8bd1f206fed3a9cce772a996c') in 0.021278 seconds 
========================================================================
Received Import Request.
  Time since last request: 0.000369 seconds.
  path: Assets/sizzle/Art/Materials/Sizzle_TailEnd.mat
  artifactKey: Guid(d11ee8c6ce1c4894fadf0a297b7eaf88) Importer(815301076,1909f56bfc062723c751e8b465ee728b)
Start importing Assets/sizzle/Art/Materials/Sizzle_TailEnd.mat using Guid(d11ee8c6ce1c4894fadf0a297b7eaf88) Importer(815301076,1909f56bfc062723c751e8b465ee728b)  -> (artifact id: 'ce5543be61db356fbce6a8aff0359c22') in 0.011904 seconds 
========================================================================
Received Import Request.
  Time since last request: 0.000369 seconds.
  path: Assets/sizzle/Art/Materials/Sizzle_HeadTop.mat
  artifactKey: Guid(88bcbad581cff3649a631359f4eb2f22) Importer(815301076,1909f56bfc062723c751e8b465ee728b)
Start importing Assets/sizzle/Art/Materials/Sizzle_HeadTop.mat using Guid(88bcbad581cff3649a631359f4eb2f22) Importer(815301076,1909f56bfc062723c751e8b465ee728b)  -> (artifact id: '53bffddaf4d3be2ec2ea46b5bf4885fb') in 0.023078 seconds 
========================================================================
Received Import Request.
  Time since last request: 0.000415 seconds.
  path: Assets/sizzle/Art/Materials/Sizzle_Foot.mat
  artifactKey: Guid(566495ad373a9734a88f7a1a4fe8a57b) Importer(815301076,1909f56bfc062723c751e8b465ee728b)
Start importing Assets/sizzle/Art/Materials/Sizzle_Foot.mat using Guid(566495ad373a9734a88f7a1a4fe8a57b) Importer(815301076,1909f56bfc062723c751e8b465ee728b)  -> (artifact id: '0bf4f29ad7ef1eb938d74ff3e13d35f0') in 0.013109 seconds 
========================================================================
Received Import Request.
  Time since last request: 0.000456 seconds.
  path: Assets/sizzle/Art/Materials/Sizzle_Joint.mat
  artifactKey: Guid(7e87d6820f29d964c873d48f980633c7) Importer(815301076,1909f56bfc062723c751e8b465ee728b)
Start importing Assets/sizzle/Art/Materials/Sizzle_Joint.mat using Guid(7e87d6820f29d964c873d48f980633c7) Importer(815301076,1909f56bfc062723c751e8b465ee728b)  -> (artifact id: '13e56f298ced02ae2b2421f4d2c25714') in 0.013497 seconds 
========================================================================
Received Import Request.
  Time since last request: 0.000382 seconds.
  path: Assets/sizzle/Art/Materials/Sizzle_BodyBlock_2.mat
  artifactKey: Guid(c9f6f5a40a19ef24faee3a9da6a064f1) Importer(815301076,1909f56bfc062723c751e8b465ee728b)
Start importing Assets/sizzle/Art/Materials/Sizzle_BodyBlock_2.mat using Guid(c9f6f5a40a19ef24faee3a9da6a064f1) Importer(815301076,1909f56bfc062723c751e8b465ee728b)  -> (artifact id: '47b59079447ba99531d8d62a996816d0') in 0.014788 seconds 
========================================================================
Received Import Request.
  Time since last request: 16.609479 seconds.
  path: Assets/sizzle/Art/textures/BodyBlock1_Clear.png
  artifactKey: Guid(ecf92a8e47f370346885670386a779cf) Importer(815301076,1909f56bfc062723c751e8b465ee728b)
Start importing Assets/sizzle/Art/textures/BodyBlock1_Clear.png using Guid(ecf92a8e47f370346885670386a779cf) Importer(815301076,1909f56bfc062723c751e8b465ee728b)  -> (artifact id: '848ec8470fc2acf658d32a4f1a7e6c18') in 0.031351 seconds 
========================================================================
Received Import Request.
  Time since last request: 0.000382 seconds.
  path: Assets/sizzle/Art/textures/BodyBlock2_Clear.png
  artifactKey: Guid(1473c5118e0bd3a4eacd8a85097b2d99) Importer(815301076,1909f56bfc062723c751e8b465ee728b)
Start importing Assets/sizzle/Art/textures/BodyBlock2_Clear.png using Guid(1473c5118e0bd3a4eacd8a85097b2d99) Importer(815301076,1909f56bfc062723c751e8b465ee728b)  -> (artifact id: '3bae236043cad0c92e02f2eb3a9df2eb') in 0.020368 seconds 
========================================================================
Received Import Request.
  Time since last request: 0.000353 seconds.
  path: Assets/sizzle/Art/textures/sizzleTexture_updated_bump_V05.png
  artifactKey: Guid(2ad14aaddd14a8f4383950fae3b837c2) Importer(815301076,1909f56bfc062723c751e8b465ee728b)
Start importing Assets/sizzle/Art/textures/sizzleTexture_updated_bump_V05.png using Guid(2ad14aaddd14a8f4383950fae3b837c2) Importer(815301076,1909f56bfc062723c751e8b465ee728b)  -> (artifact id: '0daebe7f0758d5fe92fbbd1291059a8a') in 0.020912 seconds 
========================================================================
Received Import Request.
  Time since last request: 0.000384 seconds.
  path: Assets/sizzle/Art/textures/BottomJaw_Solid.png
  artifactKey: Guid(62adedfbe054ada4788d03280b1010b1) Importer(815301076,1909f56bfc062723c751e8b465ee728b)
Start importing Assets/sizzle/Art/textures/BottomJaw_Solid.png using Guid(62adedfbe054ada4788d03280b1010b1) Importer(815301076,1909f56bfc062723c751e8b465ee728b)  -> (artifact id: '3666f8915de3647a2954641c3129793c') in 0.021179 seconds 
========================================================================
Received Import Request.
  Time since last request: 0.000320 seconds.
  path: Assets/sizzle/Art/textures/JointTexture_Clear.png
  artifactKey: Guid(98cde8dce92c57f4fbf2670fbb864ab5) Importer(815301076,1909f56bfc062723c751e8b465ee728b)
Start importing Assets/sizzle/Art/textures/JointTexture_Clear.png using Guid(98cde8dce92c57f4fbf2670fbb864ab5) Importer(815301076,1909f56bfc062723c751e8b465ee728b)  -> (artifact id: 'f90cf2ac4b7e06a440853adb763a9cf8') in 0.021590 seconds 
========================================================================
Received Import Request.
  Time since last request: 0.000370 seconds.
  path: Assets/sizzle/Art/textures/Leg_Clear.png
  artifactKey: Guid(015a8b5b33d98b64c855008ffa8de154) Importer(815301076,1909f56bfc062723c751e8b465ee728b)
Start importing Assets/sizzle/Art/textures/Leg_Clear.png using Guid(015a8b5b33d98b64c855008ffa8de154) Importer(815301076,1909f56bfc062723c751e8b465ee728b)  -> (artifact id: 'c09483b9a401cd7f0dfd8f10ffcbf848') in 0.024777 seconds 
========================================================================
Received Import Request.
  Time since last request: 0.000472 seconds.
  path: Assets/sizzle/Art/textures/TailEnd_Solid.png
  artifactKey: Guid(1ee7af212900a6a4c80138f619b9c3d7) Importer(815301076,1909f56bfc062723c751e8b465ee728b)
Start importing Assets/sizzle/Art/textures/TailEnd_Solid.png using Guid(1ee7af212900a6a4c80138f619b9c3d7) Importer(815301076,1909f56bfc062723c751e8b465ee728b)  -> (artifact id: '611d4d99ef6ab697216840bbc119433e') in 0.017822 seconds 
========================================================================
Received Import Request.
  Time since last request: 0.000460 seconds.
  path: Assets/sizzle/Art/textures/BodyBlock2_Solid.png
  artifactKey: Guid(b3596b2d9a8ddfc4da731daddcc72264) Importer(815301076,1909f56bfc062723c751e8b465ee728b)
Start importing Assets/sizzle/Art/textures/BodyBlock2_Solid.png using Guid(b3596b2d9a8ddfc4da731daddcc72264) Importer(815301076,1909f56bfc062723c751e8b465ee728b)  -> (artifact id: '4d8af2b98c703db3a5d1f850820c5f46') in 0.018826 seconds 
========================================================================
Received Import Request.
  Time since last request: 0.000389 seconds.
  path: Assets/sizzle/Art/textures/sizzleTexture_updated_V05.png
  artifactKey: Guid(cedc2e5237471da43b4db48805eb6414) Importer(815301076,1909f56bfc062723c751e8b465ee728b)
Start importing Assets/sizzle/Art/textures/sizzleTexture_updated_V05.png using Guid(cedc2e5237471da43b4db48805eb6414) Importer(815301076,1909f56bfc062723c751e8b465ee728b)  -> (artifact id: '82e19f7e5b913f772c95227c32f4efe6') in 0.021072 seconds 
========================================================================
Received Import Request.
  Time since last request: 0.000297 seconds.
  path: Assets/sizzle/Art/textures/BottomJaw_Clear.png
  artifactKey: Guid(c84c922e9fc83e3459088b2f0c9f7296) Importer(815301076,1909f56bfc062723c751e8b465ee728b)
Start importing Assets/sizzle/Art/textures/BottomJaw_Clear.png using Guid(c84c922e9fc83e3459088b2f0c9f7296) Importer(815301076,1909f56bfc062723c751e8b465ee728b)  -> (artifact id: '7851f9206e7ab134da226e971a721a5a') in 0.020233 seconds 
========================================================================
Received Import Request.
  Time since last request: 0.000502 seconds.
  path: Assets/sizzle/Art/textures/JointTexture_Solid.png
  artifactKey: Guid(09dbe020c04f17f458272b7109289beb) Importer(815301076,1909f56bfc062723c751e8b465ee728b)
Start importing Assets/sizzle/Art/textures/JointTexture_Solid.png using Guid(09dbe020c04f17f458272b7109289beb) Importer(815301076,1909f56bfc062723c751e8b465ee728b)  -> (artifact id: '4b89cfbdea9db1e27d3e603de6355f04') in 0.018075 seconds 
========================================================================
Received Import Request.
  Time since last request: 0.000428 seconds.
  path: Assets/sizzle/Art/textures/FootTexture_Clear.png
  artifactKey: Guid(7dc82792532ee91419e0611b48ff0b9b) Importer(815301076,1909f56bfc062723c751e8b465ee728b)
Start importing Assets/sizzle/Art/textures/FootTexture_Clear.png using Guid(7dc82792532ee91419e0611b48ff0b9b) Importer(815301076,1909f56bfc062723c751e8b465ee728b)  -> (artifact id: '1edbc5b5c6daedf7ccb147112c8f5770') in 0.019037 seconds 
========================================================================
Received Import Request.
  Time since last request: 0.000358 seconds.
  path: Assets/sizzle/Art/textures/Leg_Solid.png
  artifactKey: Guid(7ebafe9992941264fa40addf57c10588) Importer(815301076,1909f56bfc062723c751e8b465ee728b)
Start importing Assets/sizzle/Art/textures/Leg_Solid.png using Guid(7ebafe9992941264fa40addf57c10588) Importer(815301076,1909f56bfc062723c751e8b465ee728b)  -> (artifact id: '7641a99e8cb57ce931576b8910929c5e') in 0.018138 seconds 
========================================================================
Received Import Request.
  Time since last request: 0.000315 seconds.
  path: Assets/sizzle/Art/textures/BodyBlock1_Solid.png
  artifactKey: Guid(98efb66c29c99f244b930c95fef0e8d6) Importer(815301076,1909f56bfc062723c751e8b465ee728b)
Start importing Assets/sizzle/Art/textures/BodyBlock1_Solid.png using Guid(98efb66c29c99f244b930c95fef0e8d6) Importer(815301076,1909f56bfc062723c751e8b465ee728b)  -> (artifact id: '1b49edd75242ac02135aa6bfcfa79fed') in 0.021230 seconds 
========================================================================
Received Import Request.
  Time since last request: 0.000427 seconds.
  path: Assets/sizzle/Art/textures/FootTexture_Solid.png
  artifactKey: Guid(f21b448aff3844f429c23fb23f4480f0) Importer(815301076,1909f56bfc062723c751e8b465ee728b)
Start importing Assets/sizzle/Art/textures/FootTexture_Solid.png using Guid(f21b448aff3844f429c23fb23f4480f0) Importer(815301076,1909f56bfc062723c751e8b465ee728b)  -> (artifact id: '074107451e99df89ed858dae745c7d21') in 0.023706 seconds 
========================================================================
Received Import Request.
  Time since last request: 0.000473 seconds.
  path: Assets/sizzle/Art/textures/TailEnd_Clear.png
  artifactKey: Guid(15ee628015624bb40bbbda925cc9b388) Importer(815301076,1909f56bfc062723c751e8b465ee728b)
Start importing Assets/sizzle/Art/textures/TailEnd_Clear.png using Guid(15ee628015624bb40bbbda925cc9b388) Importer(815301076,1909f56bfc062723c751e8b465ee728b)  -> (artifact id: '4bb5c9a167de47e88ca83c911c37ec81') in 0.022451 seconds 
========================================================================
Received Import Request.
  Time since last request: 126.579259 seconds.
  path: Assets/sizzle/Art/Materials/Sizzle_BodyBlock_1.mat
  artifactKey: Guid(462c3674aa349654a9dff954999e97d6) Importer(815301076,1909f56bfc062723c751e8b465ee728b)
Start importing Assets/sizzle/Art/Materials/Sizzle_BodyBlock_1.mat using Guid(462c3674aa349654a9dff954999e97d6) Importer(815301076,1909f56bfc062723c751e8b465ee728b)  -> (artifact id: '622df9b1af7cac7575efb41d48aab69b') in 0.019348 seconds 
========================================================================
Received Import Request.
  Time since last request: 0.000403 seconds.
  path: Assets/sizzle/Art/Materials/Sizzle_Leg.mat
  artifactKey: Guid(579670dee473d6b46a81b8ee70a16c8f) Importer(815301076,1909f56bfc062723c751e8b465ee728b)
Start importing Assets/sizzle/Art/Materials/Sizzle_Leg.mat using Guid(579670dee473d6b46a81b8ee70a16c8f) Importer(815301076,1909f56bfc062723c751e8b465ee728b)  -> (artifact id: '6ed32b623c65310b9506712247cf2e6c') in 0.020562 seconds 
========================================================================
Received Import Request.
  Time since last request: 0.000544 seconds.
  path: Assets/sizzle/Art/Materials/Sizzle_BottomJaw.mat
  artifactKey: Guid(49334c71a54a31f4a85ff7e66f0e0abd) Importer(815301076,1909f56bfc062723c751e8b465ee728b)
Start importing Assets/sizzle/Art/Materials/Sizzle_BottomJaw.mat using Guid(49334c71a54a31f4a85ff7e66f0e0abd) Importer(815301076,1909f56bfc062723c751e8b465ee728b)  -> (artifact id: 'b3256cad851188adb23da839c3ea33b3') in 0.025786 seconds 
========================================================================
Received Import Request.
  Time since last request: 0.000391 seconds.
  path: Assets/sizzle/Art/Materials/Sizzle_TailEnd.mat
  artifactKey: Guid(d11ee8c6ce1c4894fadf0a297b7eaf88) Importer(815301076,1909f56bfc062723c751e8b465ee728b)
Start importing Assets/sizzle/Art/Materials/Sizzle_TailEnd.mat using Guid(d11ee8c6ce1c4894fadf0a297b7eaf88) Importer(815301076,1909f56bfc062723c751e8b465ee728b)  -> (artifact id: '080d572e2553061a9134c8255d47ca68') in 0.021995 seconds 
========================================================================
Received Import Request.
  Time since last request: 0.000547 seconds.
  path: Assets/sizzle/Art/Materials/Sizzle_HeadTop.mat
  artifactKey: Guid(88bcbad581cff3649a631359f4eb2f22) Importer(815301076,1909f56bfc062723c751e8b465ee728b)
Start importing Assets/sizzle/Art/Materials/Sizzle_HeadTop.mat using Guid(88bcbad581cff3649a631359f4eb2f22) Importer(815301076,1909f56bfc062723c751e8b465ee728b)  -> (artifact id: 'ae03e10e931c259c443cc305d8c1f428') in 0.020486 seconds 
========================================================================
Received Import Request.
  Time since last request: 0.000443 seconds.
  path: Assets/sizzle/Art/Materials/Sizzle_Foot.mat
  artifactKey: Guid(566495ad373a9734a88f7a1a4fe8a57b) Importer(815301076,1909f56bfc062723c751e8b465ee728b)
Start importing Assets/sizzle/Art/Materials/Sizzle_Foot.mat using Guid(566495ad373a9734a88f7a1a4fe8a57b) Importer(815301076,1909f56bfc062723c751e8b465ee728b)  -> (artifact id: '7df7076695fa73d87bdb3a1e8eb530c1') in 0.019017 seconds 
========================================================================
Received Import Request.
  Time since last request: 0.000333 seconds.
  path: Assets/sizzle/Art/Materials/Sizzle_Joint.mat
  artifactKey: Guid(7e87d6820f29d964c873d48f980633c7) Importer(815301076,1909f56bfc062723c751e8b465ee728b)
Start importing Assets/sizzle/Art/Materials/Sizzle_Joint.mat using Guid(7e87d6820f29d964c873d48f980633c7) Importer(815301076,1909f56bfc062723c751e8b465ee728b)  -> (artifact id: 'b2575fc37cd0b7ff075a5ce83071cf1b') in 0.016358 seconds 
========================================================================
Received Import Request.
  Time since last request: 0.000329 seconds.
  path: Assets/sizzle/Art/Materials/Sizzle_BodyBlock_2.mat
  artifactKey: Guid(c9f6f5a40a19ef24faee3a9da6a064f1) Importer(815301076,1909f56bfc062723c751e8b465ee728b)
Start importing Assets/sizzle/Art/Materials/Sizzle_BodyBlock_2.mat using Guid(c9f6f5a40a19ef24faee3a9da6a064f1) Importer(815301076,1909f56bfc062723c751e8b465ee728b)  -> (artifact id: 'a1b8a425e8e09d9173796ed54c667dc9') in 0.021389 seconds 
========================================================================
Received Import Request.
  Time since last request: 11.618780 seconds.
  path: Assets/sizzle/Art/Materials/Sizzle_TailEnd.mat
  artifactKey: Guid(d11ee8c6ce1c4894fadf0a297b7eaf88) Importer(815301076,1909f56bfc062723c751e8b465ee728b)
Start importing Assets/sizzle/Art/Materials/Sizzle_TailEnd.mat using Guid(d11ee8c6ce1c4894fadf0a297b7eaf88) Importer(815301076,1909f56bfc062723c751e8b465ee728b)  -> (artifact id: '2b7dcedc8b3a43984ea89e43e359839a') in 0.018982 seconds 
========================================================================
Received Import Request.
  Time since last request: 88.287892 seconds.
  path: Assets/ToonTest.mat
  artifactKey: Guid(a6371e856dc96f540b80155d04755d5f) Importer(815301076,1909f56bfc062723c751e8b465ee728b)
Start importing Assets/ToonTest.mat using Guid(a6371e856dc96f540b80155d04755d5f) Importer(815301076,1909f56bfc062723c751e8b465ee728b)  -> (artifact id: 'f9e321a228c40b3ed8e7abacbabe88e0') in 0.035102 seconds 
========================================================================
Received Import Request.
  Time since last request: 23.687501 seconds.
  path: Assets/ToonTest.mat
  artifactKey: Guid(a6371e856dc96f540b80155d04755d5f) Importer(815301076,1909f56bfc062723c751e8b465ee728b)
Start importing Assets/ToonTest.mat using Guid(a6371e856dc96f540b80155d04755d5f) Importer(815301076,1909f56bfc062723c751e8b465ee728b)  -> (artifact id: '79ca3a49b74ff63fb6e2b5cddfebfd4b') in 0.021338 seconds 
AssetImportWorkerClient::OnTransportError - code=2 error=End of file
